<?xml version="1.0" encoding="UTF-8"?>
<testsuite xmlns:xsi="http://www.w3.org/2001/XMLSchema-instance" xsi:noNamespaceSchemaLocation="https://maven.apache.org/surefire/maven-surefire-plugin/xsd/surefire-test-report-3.0.xsd" version="3.0" name="com.xueyao.JwtTest" time="0.256" tests="3" errors="0" skipped="0" failures="0">
  <properties>
[...]
</properties>
  <testcase name="testGenToken" classname="com.xueyao.JwtTest" time="0.193"/>
  <testcase name="testParseToken" classname="com.xueyao.JwtTest" time="0.035">
    <system-out><![CDATA[eyJhbGciOiJIUzI1NiIsInR5cCI6IkpXVCJ9.eyJjbGFpbXMiOnsiaWQiOjQsInVzZXJuYW1lIjoiMTIzcXdlIn0sImV4cCI6MTcyNjg4OTQyM30.80xb5X1wPoRT-GEf-X8KBgkU2Z2kgD4aduCh2c6yXWw
{id=4, username=123qwe}
]]></system-out>
  </testcase>
  <testcase name="jiami" classname="com.xueyao.JwtTest" time="0.008">
    <system-out><![CDATA[meTh+d/glX1+AVZ8aHhQw0Kqj/Ad87s7eNMVP24US9aZOKHfE5eWb/15J6P4EXsclzyrlCzwmvN58jsvkM+1itpz+7RC+u0b2IB1mCN17yiOuL5pD6OWVhHJToVMVD+H1uM9Bw9elHZ0pwGjRjo4l6c13iAq4zGaDfhwSiJSAAI=
]]></system-out>
  </testcase>
</testsuite>